2017-12-12 15:56:42,309 INFO o.a.j.u.JMeterUtils: Setting Locale to en_US
2017-12-12 15:56:42,323 INFO o.a.j.JMeter: Loading user properties from: user.properties
2017-12-12 15:56:42,324 INFO o.a.j.JMeter: Loading system properties from: system.properties
2017-12-12 15:56:42,329 INFO o.a.j.JMeter: Copyright (c) 1998-2017 The Apache Software Foundation
2017-12-12 15:56:42,329 INFO o.a.j.JMeter: Version 3.2 r1790748
2017-12-12 15:56:42,329 INFO o.a.j.JMeter: java.version=1.8.0_121
2017-12-12 15:56:42,329 INFO o.a.j.JMeter: java.vm.name=Java HotSpot(TM) 64-Bit Server VM
2017-12-12 15:56:42,329 INFO o.a.j.JMeter: os.name=Mac OS X
2017-12-12 15:56:42,329 INFO o.a.j.JMeter: os.arch=x86_64
2017-12-12 15:56:42,329 INFO o.a.j.JMeter: os.version=10.13.1
2017-12-12 15:56:42,329 INFO o.a.j.JMeter: file.encoding=UTF-8
2017-12-12 15:56:42,330 INFO o.a.j.JMeter: Max memory     =3817865216
2017-12-12 15:56:42,330 INFO o.a.j.JMeter: Available Processors =4
2017-12-12 15:56:42,333 INFO o.a.j.JMeter: Default Locale=English (United States)
2017-12-12 15:56:42,333 INFO o.a.j.JMeter: JMeter  Locale=English (United States)
2017-12-12 15:56:42,333 INFO o.a.j.JMeter: JMeterHome=/Users/shatao/Applications/apache-jmeter-3.2
2017-12-12 15:56:42,333 INFO o.a.j.JMeter: user.dir  =/Users/shatao/Code/test-tool/jmeter/apache-jmeter-2.13/bin
2017-12-12 15:56:42,333 INFO o.a.j.JMeter: PWD       =/Users/shatao/Code/test-tool/jmeter/apache-jmeter-2.13/bin
2017-12-12 15:56:47,347 INFO o.a.j.JMeter: IP: 192.168.149.91 Name: Shas-MacBook-Pro.local FullName: 192.168.149.91
2017-12-12 15:56:49,048 INFO o.a.j.g.a.LookAndFeelCommand: Using look and feel: com.apple.laf.AquaLookAndFeel [Mac OS X, System]
2017-12-12 15:56:49,053 INFO o.a.j.JMeter: Loaded icon properties from org/apache/jmeter/images/icon.properties
2017-12-12 15:57:02,860 INFO o.a.j.e.u.CompoundVariable: Note: Function class names must contain the string: '.functions.'
2017-12-12 15:57:02,861 INFO o.a.j.e.u.CompoundVariable: Note: Function class names must not contain the string: '.gui.'
2017-12-12 15:57:04,110 WARN o.j.r.PluginManager: Found JAR conflict: /Users/shatao/Applications/apache-jmeter-3.2/lib/ext/commons-codec-1.10.jar and /Users/shatao/Applications/apache-jmeter-3.2/lib/commons-codec-1.10.jar
2017-12-12 15:57:18,080 INFO o.j.r.PluginManager: Plugins Status: [jpgc-graphs-basic=2.0, jpgc-perfmon=2.1, jpgc-plugins-manager=0.15, websocket-samplers=0.9, jmeter-core=3.2, jmeter-ftp=3.2, jmeter-http=3.2, jmeter-jdbc=3.2, jmeter-jms=3.2, jmeter-junit=3.2, jmeter-java=3.2, jmeter-ldap=3.2, jmeter-mail=3.2, jmeter-mongodb=3.2, jmeter-native=3.2, jmeter-tcp=3.2, jmeter-components=3.2]
2017-12-12 15:57:18,083 INFO o.j.r.PluginManagerMenuItem: Plugins Manager has upgrades: [jpgc-plugins-manager, websocket-samplers]
2017-12-12 15:57:19,974 INFO o.a.j.g.u.MenuFactory: Skipping org.apache.jmeter.assertions.BSFAssertion
2017-12-12 15:57:20,312 INFO o.a.j.g.u.MenuFactory: Skipping org.apache.jmeter.extractor.BSFPostProcessor
2017-12-12 15:57:20,338 INFO o.a.j.g.u.MenuFactory: Skipping org.apache.jmeter.modifiers.BSFPreProcessor
2017-12-12 15:57:20,370 INFO o.a.j.p.h.s.HTTPSamplerBase: Parser for text/html is org.apache.jmeter.protocol.http.parser.LagartoBasedHtmlParser
2017-12-12 15:57:20,370 INFO o.a.j.p.h.s.HTTPSamplerBase: Parser for application/xhtml+xml is org.apache.jmeter.protocol.http.parser.LagartoBasedHtmlParser
2017-12-12 15:57:20,371 INFO o.a.j.p.h.s.HTTPSamplerBase: Parser for application/xml is org.apache.jmeter.protocol.http.parser.LagartoBasedHtmlParser
2017-12-12 15:57:20,371 INFO o.a.j.p.h.s.HTTPSamplerBase: Parser for text/xml is org.apache.jmeter.protocol.http.parser.LagartoBasedHtmlParser
2017-12-12 15:57:20,371 INFO o.a.j.p.h.s.HTTPSamplerBase: Parser for text/vnd.wap.wml is org.apache.jmeter.protocol.http.parser.RegexpHTMLParser
2017-12-12 15:57:20,371 INFO o.a.j.p.h.s.HTTPSamplerBase: Parser for text/css is org.apache.jmeter.protocol.http.parser.CssParser
2017-12-12 15:57:21,220 INFO o.a.j.e.KeyToolUtils: keytool found at 'keytool'
2017-12-12 15:57:21,220 INFO o.a.j.p.h.p.ProxyControl: HTTP(S) Test Script Recorder SSL Proxy will use keys that support embedded 3rd party resources in file /Users/shatao/Applications/apache-jmeter-3.2/bin/proxyserver.jks
2017-12-12 15:57:22,886 INFO o.a.j.g.u.MenuFactory: Skipping org.apache.jmeter.protocol.java.sampler.BSFSampler
2017-12-12 15:57:22,921 INFO o.a.j.s.FileServer: Default base='/Users/shatao/Code/test-tool/jmeter/apache-jmeter-2.13/bin'
2017-12-12 15:57:23,005 INFO o.a.j.g.u.MenuFactory: Skipping org.apache.jmeter.protocol.mongodb.config.MongoSourceElement
2017-12-12 15:57:23,005 INFO o.a.j.g.u.MenuFactory: Skipping org.apache.jmeter.protocol.mongodb.sampler.MongoScriptSampler
2017-12-12 15:57:23,192 INFO o.a.j.g.u.MenuFactory: Skipping org.apache.jmeter.timers.BSFTimer
2017-12-12 15:57:23,217 INFO o.a.j.g.u.MenuFactory: Skipping org.apache.jmeter.visualizers.BSFListener
2017-12-12 15:57:23,364 INFO o.a.j.s.SampleResult: Note: Sample TimeStamps are START times
2017-12-12 15:57:23,364 INFO o.a.j.s.SampleResult: sampleresult.default.encoding is set to ISO-8859-1
2017-12-12 15:57:23,364 INFO o.a.j.s.SampleResult: sampleresult.useNanoTime=true
2017-12-12 15:57:23,364 INFO o.a.j.s.SampleResult: sampleresult.nanoThreadSleep=5000
2017-12-12 15:58:10,863 INFO o.a.j.g.a.Load: Loading file: /Users/shatao/Code/test-tool/jmeter-extensions/jmeter-ext/lfsFileUpload.jmx
2017-12-12 15:58:10,863 INFO o.a.j.s.FileServer: Set new base='/Users/shatao/Code/test-tool/jmeter-extensions/jmeter-ext'
2017-12-12 15:58:10,914 INFO o.a.j.s.SaveService: Testplan (JMX) version: 2.2. Testlog (JTL) version: 2.2
2017-12-12 15:58:10,916 INFO o.a.j.s.SaveService: Using SaveService properties file encoding UTF-8
2017-12-12 15:58:10,918 INFO o.a.j.s.SaveService: Using SaveService properties version 3.2
2017-12-12 15:58:10,921 INFO o.a.j.s.SaveService: Loading file: /Users/shatao/Code/test-tool/jmeter-extensions/jmeter-ext/lfsFileUpload.jmx
2017-12-12 15:58:10,993 INFO o.a.j.p.h.c.CookieManager: Settings: Delete null: true Check: true Allow variable: true Save: false Prefix: COOKIE_
2017-12-12 15:58:11,642 ERROR o.a.j.p.j.c.g.JavaConfigGui: Error creating class:'com.et.jmeterext.LFSUploadUtil' in JavaSampler Java Request, check for a missing jar in your jmeter 'search_paths' and 'plugin_dependency_paths' properties
java.lang.ClassNotFoundException: com.et.jmeterext.LFSUploadUtil
	at java.net.URLClassLoader.findClass(URLClassLoader.java:381) ~[?:1.8.0_121]
	at java.lang.ClassLoader.loadClass(ClassLoader.java:424) ~[?:1.8.0_121]
	at java.lang.ClassLoader.loadClass(ClassLoader.java:357) ~[?:1.8.0_121]
	at java.lang.Class.forName0(Native Method) ~[?:1.8.0_121]
	at java.lang.Class.forName(Class.java:348) ~[?:1.8.0_121]
	at org.apache.jmeter.protocol.java.config.gui.JavaConfigGui.classOk(JavaConfigGui.java:269) ~[ApacheJMeter_java.jar:3.2 r1790748]
	at org.apache.jmeter.protocol.java.config.gui.JavaConfigGui.configure(JavaConfigGui.java:257) ~[ApacheJMeter_java.jar:3.2 r1790748]
	at org.apache.jmeter.protocol.java.control.gui.JavaTestSamplerGui.configure(JavaTestSamplerGui.java:88) ~[ApacheJMeter_java.jar:3.2 r1790748]
	at org.apache.jmeter.gui.tree.JMeterTreeModel.addComponent(JMeterTreeModel.java:147) ~[ApacheJMeter_core.jar:3.2 r1790748]
	at org.apache.jmeter.gui.tree.JMeterTreeModel.addSubTree(JMeterTreeModel.java:121) ~[ApacheJMeter_core.jar:3.2 r1790748]
	at org.apache.jmeter.gui.tree.JMeterTreeModel.addSubTree(JMeterTreeModel.java:121) ~[ApacheJMeter_core.jar:3.2 r1790748]
	at org.apache.jmeter.gui.tree.JMeterTreeModel.addSubTree(JMeterTreeModel.java:113) ~[ApacheJMeter_core.jar:3.2 r1790748]
	at org.apache.jmeter.gui.GuiPackage.addSubTree(GuiPackage.java:517) ~[ApacheJMeter_core.jar:3.2 r1790748]
	at org.apache.jmeter.gui.action.Load.insertLoadedTree(Load.java:194) ~[ApacheJMeter_core.jar:3.2 r1790748]
	at org.apache.jmeter.gui.action.Load.loadProjectFile(Load.java:131) ~[ApacheJMeter_core.jar:3.2 r1790748]
	at org.apache.jmeter.gui.action.Load.loadProjectFile(Load.java:102) ~[ApacheJMeter_core.jar:3.2 r1790748]
	at org.apache.jmeter.gui.action.Load.doActionAfterCheck(Load.java:89) ~[ApacheJMeter_core.jar:3.2 r1790748]
	at org.apache.jmeter.gui.action.AbstractActionWithNoRunningTest.doAction(AbstractActionWithNoRunningTest.java:45) ~[ApacheJMeter_core.jar:3.2 r1790748]
	at org.apache.jmeter.gui.action.ActionRouter.performAction(ActionRouter.java:74) ~[ApacheJMeter_core.jar:3.2 r1790748]
	at org.apache.jmeter.gui.action.ActionRouter.lambda$actionPerformed$0(ActionRouter.java:59) ~[ApacheJMeter_core.jar:3.2 r1790748]
	at java.awt.event.InvocationEvent.dispatch(InvocationEvent.java:311) [?:1.8.0_121]
	at java.awt.EventQueue.dispatchEventImpl(EventQueue.java:756) [?:1.8.0_121]
	at java.awt.EventQueue.access$500(EventQueue.java:97) [?:1.8.0_121]
	at java.awt.EventQueue$3.run(EventQueue.java:709) [?:1.8.0_121]
	at java.awt.EventQueue$3.run(EventQueue.java:703) [?:1.8.0_121]
	at java.security.AccessController.doPrivileged(Native Method) ~[?:1.8.0_121]
	at java.security.ProtectionDomain$JavaSecurityAccessImpl.doIntersectionPrivilege(ProtectionDomain.java:80) [?:1.8.0_121]
	at java.awt.EventQueue.dispatchEvent(EventQueue.java:726) [?:1.8.0_121]
	at java.awt.EventDispatchThread.pumpOneEventForFilters(EventDispatchThread.java:201) [?:1.8.0_121]
	at java.awt.EventDispatchThread.pumpEventsForFilter(EventDispatchThread.java:116) [?:1.8.0_121]
	at java.awt.EventDispatchThread.pumpEventsForHierarchy(EventDispatchThread.java:105) [?:1.8.0_121]
	at java.awt.EventDispatchThread.pumpEvents(EventDispatchThread.java:101) [?:1.8.0_121]
	at java.awt.EventDispatchThread.pumpEvents(EventDispatchThread.java:93) [?:1.8.0_121]
	at java.awt.EventDispatchThread.run(EventDispatchThread.java:82) [?:1.8.0_121]
2017-12-12 15:58:11,646 ERROR o.a.j.p.j.c.g.JavaConfigGui: Error getting argument list for com.et.jmeterext.LFSUploadUtil
java.lang.ClassNotFoundException: com.et.jmeterext.LFSUploadUtil
	at java.net.URLClassLoader.findClass(URLClassLoader.java:381) ~[?:1.8.0_121]
	at java.lang.ClassLoader.loadClass(ClassLoader.java:424) ~[?:1.8.0_121]
	at java.lang.ClassLoader.loadClass(ClassLoader.java:357) ~[?:1.8.0_121]
	at java.lang.Class.forName0(Native Method) ~[?:1.8.0_121]
	at java.lang.Class.forName(Class.java:348) ~[?:1.8.0_121]
	at org.apache.jmeter.protocol.java.config.gui.JavaConfigGui.configureClassName(JavaConfigGui.java:189) ~[ApacheJMeter_java.jar:3.2 r1790748]
	at org.apache.jmeter.protocol.java.config.gui.JavaConfigGui.stateChanged(JavaConfigGui.java:179) ~[ApacheJMeter_java.jar:3.2 r1790748]
	at org.apache.jorphan.gui.JLabeledChoice.notifyChangeListeners(JLabeledChoice.java:288) ~[jorphan.jar:3.2 r1790748]
	at org.apache.jorphan.gui.JLabeledChoice.lambda$init$0(JLabeledChoice.java:145) ~[jorphan.jar:3.2 r1790748]
	at javax.swing.JComboBox.fireItemStateChanged(JComboBox.java:1223) ~[?:1.8.0_121]
	at javax.swing.JComboBox.selectedItemChanged(JComboBox.java:1280) ~[?:1.8.0_121]
	at javax.swing.JComboBox.contentsChanged(JComboBox.java:1330) ~[?:1.8.0_121]
	at javax.swing.AbstractListModel.fireContentsChanged(AbstractListModel.java:118) ~[?:1.8.0_121]
	at javax.swing.DefaultComboBoxModel.setSelectedItem(DefaultComboBoxModel.java:93) ~[?:1.8.0_121]
	at javax.swing.JComboBox.setSelectedItem(JComboBox.java:576) ~[?:1.8.0_121]
	at org.apache.jorphan.gui.JLabeledChoice.setText(JLabeledChoice.java:188) ~[jorphan.jar:3.2 r1790748]
	at org.apache.jmeter.protocol.java.config.gui.JavaConfigGui.configure(JavaConfigGui.java:258) ~[ApacheJMeter_java.jar:3.2 r1790748]
	at org.apache.jmeter.protocol.java.control.gui.JavaTestSamplerGui.configure(JavaTestSamplerGui.java:88) ~[ApacheJMeter_java.jar:3.2 r1790748]
	at org.apache.jmeter.gui.tree.JMeterTreeModel.addComponent(JMeterTreeModel.java:147) ~[ApacheJMeter_core.jar:3.2 r1790748]
	at org.apache.jmeter.gui.tree.JMeterTreeModel.addSubTree(JMeterTreeModel.java:121) ~[ApacheJMeter_core.jar:3.2 r1790748]
	at org.apache.jmeter.gui.tree.JMeterTreeModel.addSubTree(JMeterTreeModel.java:121) ~[ApacheJMeter_core.jar:3.2 r1790748]
	at org.apache.jmeter.gui.tree.JMeterTreeModel.addSubTree(JMeterTreeModel.java:113) ~[ApacheJMeter_core.jar:3.2 r1790748]
	at org.apache.jmeter.gui.GuiPackage.addSubTree(GuiPackage.java:517) ~[ApacheJMeter_core.jar:3.2 r1790748]
	at org.apache.jmeter.gui.action.Load.insertLoadedTree(Load.java:194) ~[ApacheJMeter_core.jar:3.2 r1790748]
	at org.apache.jmeter.gui.action.Load.loadProjectFile(Load.java:131) ~[ApacheJMeter_core.jar:3.2 r1790748]
	at org.apache.jmeter.gui.action.Load.loadProjectFile(Load.java:102) ~[ApacheJMeter_core.jar:3.2 r1790748]
	at org.apache.jmeter.gui.action.Load.doActionAfterCheck(Load.java:89) ~[ApacheJMeter_core.jar:3.2 r1790748]
	at org.apache.jmeter.gui.action.AbstractActionWithNoRunningTest.doAction(AbstractActionWithNoRunningTest.java:45) ~[ApacheJMeter_core.jar:3.2 r1790748]
	at org.apache.jmeter.gui.action.ActionRouter.performAction(ActionRouter.java:74) ~[ApacheJMeter_core.jar:3.2 r1790748]
	at org.apache.jmeter.gui.action.ActionRouter.lambda$actionPerformed$0(ActionRouter.java:59) ~[ApacheJMeter_core.jar:3.2 r1790748]
	at java.awt.event.InvocationEvent.dispatch(InvocationEvent.java:311) [?:1.8.0_121]
	at java.awt.EventQueue.dispatchEventImpl(EventQueue.java:756) [?:1.8.0_121]
	at java.awt.EventQueue.access$500(EventQueue.java:97) [?:1.8.0_121]
	at java.awt.EventQueue$3.run(EventQueue.java:709) [?:1.8.0_121]
	at java.awt.EventQueue$3.run(EventQueue.java:703) [?:1.8.0_121]
	at java.security.AccessController.doPrivileged(Native Method) ~[?:1.8.0_121]
	at java.security.ProtectionDomain$JavaSecurityAccessImpl.doIntersectionPrivilege(ProtectionDomain.java:80) [?:1.8.0_121]
	at java.awt.EventQueue.dispatchEvent(EventQueue.java:726) [?:1.8.0_121]
	at java.awt.EventDispatchThread.pumpOneEventForFilters(EventDispatchThread.java:201) [?:1.8.0_121]
	at java.awt.EventDispatchThread.pumpEventsForFilter(EventDispatchThread.java:116) [?:1.8.0_121]
	at java.awt.EventDispatchThread.pumpEventsForHierarchy(EventDispatchThread.java:105) [?:1.8.0_121]
	at java.awt.EventDispatchThread.pumpEvents(EventDispatchThread.java:101) [?:1.8.0_121]
	at java.awt.EventDispatchThread.pumpEvents(EventDispatchThread.java:93) [?:1.8.0_121]
	at java.awt.EventDispatchThread.run(EventDispatchThread.java:82) [?:1.8.0_121]
2017-12-12 15:58:11,648 ERROR o.a.j.p.j.c.g.JavaConfigGui: Error getting argument list for com.et.jmeterext.LFSUploadUtil
java.lang.ClassNotFoundException: com.et.jmeterext.LFSUploadUtil
	at java.net.URLClassLoader.findClass(URLClassLoader.java:381) ~[?:1.8.0_121]
	at java.lang.ClassLoader.loadClass(ClassLoader.java:424) ~[?:1.8.0_121]
	at java.lang.ClassLoader.loadClass(ClassLoader.java:357) ~[?:1.8.0_121]
	at java.lang.Class.forName0(Native Method) ~[?:1.8.0_121]
	at java.lang.Class.forName(Class.java:348) ~[?:1.8.0_121]
	at org.apache.jmeter.protocol.java.config.gui.JavaConfigGui.configureClassName(JavaConfigGui.java:189) ~[ApacheJMeter_java.jar:3.2 r1790748]
	at org.apache.jmeter.protocol.java.config.gui.JavaConfigGui.configure(JavaConfigGui.java:259) ~[ApacheJMeter_java.jar:3.2 r1790748]
	at org.apache.jmeter.protocol.java.control.gui.JavaTestSamplerGui.configure(JavaTestSamplerGui.java:88) ~[ApacheJMeter_java.jar:3.2 r1790748]
	at org.apache.jmeter.gui.tree.JMeterTreeModel.addComponent(JMeterTreeModel.java:147) ~[ApacheJMeter_core.jar:3.2 r1790748]
	at org.apache.jmeter.gui.tree.JMeterTreeModel.addSubTree(JMeterTreeModel.java:121) ~[ApacheJMeter_core.jar:3.2 r1790748]
	at org.apache.jmeter.gui.tree.JMeterTreeModel.addSubTree(JMeterTreeModel.java:121) ~[ApacheJMeter_core.jar:3.2 r1790748]
	at org.apache.jmeter.gui.tree.JMeterTreeModel.addSubTree(JMeterTreeModel.java:113) ~[ApacheJMeter_core.jar:3.2 r1790748]
	at org.apache.jmeter.gui.GuiPackage.addSubTree(GuiPackage.java:517) ~[ApacheJMeter_core.jar:3.2 r1790748]
	at org.apache.jmeter.gui.action.Load.insertLoadedTree(Load.java:194) ~[ApacheJMeter_core.jar:3.2 r1790748]
	at org.apache.jmeter.gui.action.Load.loadProjectFile(Load.java:131) ~[ApacheJMeter_core.jar:3.2 r1790748]
	at org.apache.jmeter.gui.action.Load.loadProjectFile(Load.java:102) ~[ApacheJMeter_core.jar:3.2 r1790748]
	at org.apache.jmeter.gui.action.Load.doActionAfterCheck(Load.java:89) ~[ApacheJMeter_core.jar:3.2 r1790748]
	at org.apache.jmeter.gui.action.AbstractActionWithNoRunningTest.doAction(AbstractActionWithNoRunningTest.java:45) ~[ApacheJMeter_core.jar:3.2 r1790748]
	at org.apache.jmeter.gui.action.ActionRouter.performAction(ActionRouter.java:74) ~[ApacheJMeter_core.jar:3.2 r1790748]
	at org.apache.jmeter.gui.action.ActionRouter.lambda$actionPerformed$0(ActionRouter.java:59) ~[ApacheJMeter_core.jar:3.2 r1790748]
	at java.awt.event.InvocationEvent.dispatch(InvocationEvent.java:311) [?:1.8.0_121]
	at java.awt.EventQueue.dispatchEventImpl(EventQueue.java:756) [?:1.8.0_121]
	at java.awt.EventQueue.access$500(EventQueue.java:97) [?:1.8.0_121]
	at java.awt.EventQueue$3.run(EventQueue.java:709) [?:1.8.0_121]
	at java.awt.EventQueue$3.run(EventQueue.java:703) [?:1.8.0_121]
	at java.security.AccessController.doPrivileged(Native Method) ~[?:1.8.0_121]
	at java.security.ProtectionDomain$JavaSecurityAccessImpl.doIntersectionPrivilege(ProtectionDomain.java:80) [?:1.8.0_121]
	at java.awt.EventQueue.dispatchEvent(EventQueue.java:726) [?:1.8.0_121]
	at java.awt.EventDispatchThread.pumpOneEventForFilters(EventDispatchThread.java:201) [?:1.8.0_121]
	at java.awt.EventDispatchThread.pumpEventsForFilter(EventDispatchThread.java:116) [?:1.8.0_121]
	at java.awt.EventDispatchThread.pumpEventsForHierarchy(EventDispatchThread.java:105) [?:1.8.0_121]
	at java.awt.EventDispatchThread.pumpEvents(EventDispatchThread.java:101) [?:1.8.0_121]
	at java.awt.EventDispatchThread.pumpEvents(EventDispatchThread.java:93) [?:1.8.0_121]
	at java.awt.EventDispatchThread.run(EventDispatchThread.java:82) [?:1.8.0_121]
2017-12-12 15:58:12,947 INFO o.a.j.s.FileServer: Set new base='/Users/shatao/Code/test-tool/jmeter-extensions/jmeter-ext'
